Arguments: 
  /home/johnson/.nvm/versions/node/v16.15.1/bin/node /home/johnson/.nvm/versions/node/v16.15.1/bin/yarn add vue-resources

PATH: 
  ./bin:./node_modules/.bin:/home/johnson/.nvm/versions/node/v16.15.1/bin:/home/johnson/.rbenv/shims:/home/johnson/.rbenv/bin:/home/johnson/.pyenv/bin:/usr/local/sbin:/usr/local/bin:/usr/sbin:/usr/bin:/sbin:/bin:/usr/games:/usr/local/games:/usr/lib/wsl/lib:/mnt/c/Program Files/National Instruments/Shared/OpenVINO/:/mnt/c/Program Files (x86)/Common Files/Oracle/Java/javapath:/mnt/c/WINDOWS/system32:/mnt/c/WINDOWS:/mnt/c/WINDOWS/System32/Wbem:/mnt/c/WINDOWS/System32/WindowsPowerShell/v1.0/:/mnt/c/WINDOWS/System32/OpenSSH/:/mnt/c/Program Files/Microsoft SQL Server/130/Tools/Binn/:/mnt/c/TDM-GCC/bin:/mnt/c/Program Files/dotnet/:/mnt/c/Program Files (x86)/dotnet/:/mnt/c/Program Files (x86)/Brackets/command:/mnt/c/Program Files/Git/cmd:/mnt/c/Python/Python39:/mnt/c/Program Files/Java/jdk-11.0.11/bin:/mnt/c/Program Files (x86)/Windows Kits/8.1/Windows Performance Toolkit/:/mnt/c/Program Files (x86)/IVI Foundation/VISA/WinNT/Bin/:/mnt/c/Program Files/IVI Foundation/VISA/Win64/Bin/:/mnt/c/Program Files (x86)/IVI Foundation/IVI/bin:/mnt/c/Program Files/IVI Foundation/IVI/bin:/mnt/c/Program Files (x86)/IVI Foundation/VISA/WinNT/Bin:/mnt/c/Program Files/Microsoft SQL Server/120/Tools/Binn/:/mnt/c/Users/JOHNSON/Downloads/mongosh-1.3.1-win32-x64/mongosh-1.3.1-win32-x64/bin/mongosh.exe:/mnt/c/Users/JOHNSON/AppData/Roaming/nvm:/mnt/c/Program Files/nodejs:/mnt/c/Users/JOHNSON/AppData/Local/Pub/Cache/bin:/mnt/c/Program Files/nodejs/:/mnt/c/Python310/Scripts/:/mnt/c/Python310/:/mnt/c/Program Files/heroku/bin:/mnt/c/Users/JOHNSON/AppData/Local/Programs/Microsoft VS Code/bin:/mnt/c/Flutter/flutter/bin:/mnt/c/Users/JOHNSON/AppData/Roaming/npm:/mnt/c/Users/JOHNSON/AppData/Local/GitHubDesktop/bin:/usr/local/sbin

Yarn version: 
  1.22.19

Node version: 
  16.15.1

Platform: 
  linux x64

Trace: 
  Error: https://registry.yarnpkg.com/vue-resources: Not found
      at Request.params.callback [as _callback] (/home/johnson/.nvm/versions/node/v16.15.1/lib/node_modules/yarn/lib/cli.js:66145:18)
      at Request.self.callback (/home/johnson/.nvm/versions/node/v16.15.1/lib/node_modules/yarn/lib/cli.js:140890:22)
      at Request.emit (node:events:527:28)
      at Request.<anonymous> (/home/johnson/.nvm/versions/node/v16.15.1/lib/node_modules/yarn/lib/cli.js:141862:10)
      at Request.emit (node:events:527:28)
      at IncomingMessage.<anonymous> (/home/johnson/.nvm/versions/node/v16.15.1/lib/node_modules/yarn/lib/cli.js:141784:12)
      at Object.onceWrapper (node:events:641:28)
      at IncomingMessage.emit (node:events:539:35)
      at endReadableNT (node:internal/streams/readable:1345:12)
      at processTicksAndRejections (node:internal/process/task_queues:83:21)

npm manifest: 
  {
    "dependencies": {
      "vue-turbolinks": "^2.2.2"
    }
  }

yarn manifest: 
  No manifest

Lockfile: 
  # THIS IS AN AUTOGENERATED FILE. DO NOT EDIT THIS FILE DIRECTLY.
  # yarn lockfile v1
  
  
  vue-turbolinks@^2.2.2:
    version "2.2.2"
    resolved "https://registry.yarnpkg.com/vue-turbolinks/-/vue-turbolinks-2.2.2.tgz#6b7b5c4120f5586907ef977be4b63a734bf8cd36"
    integrity sha512-pPO2Fr+1UgdhUK9dc5OhjLSeYi5LZAm/VZBXOVQgLHCO31bRjAof/+W/e/6SHCbnb1xdZb1gW5T9MX0k9ejSAQ==
